Vivado Simulator 2016.2
Copyright 1986-1999, 2001-2016 Xilinx, Inc. All Rights Reserved.
Running: C:/Xilinx/Vivado/2016.2/bin/unwrapped/win64.o/xelab.exe -wto fbc020581bed429288a8f367659397d4 --debug typical --relax --mt 2 -L xil_defaultlib -L xpm -L blk_mem_gen_v8_3_3 -L unisims_ver -L unimacro_ver -L secureip --snapshot nexys_hdmi_bench_behav xil_defaultlib.nexys_hdmi_bench xil_defaultlib.glbl -log elaborate.log 
Using 2 slave threads.
Starting static elaboration
Completed static elaboration
Starting simulation data flow analysis
Completed simulation data flow analysis
Time Resolution for simulation is 1ps
Compiling package std.standard
Compiling package ieee.std_logic_1164
Compiling package ieee.numeric_std
Compiling package unisim.vcomponents
Compiling package ieee.std_logic_arith
Compiling package ieee.std_logic_signed
Compiling package std.textio
Compiling package ieee.vital_timing
Compiling package ieee.vital_primitives
Compiling package unisim.vpkg
Compiling package xil_defaultlib.dvi_constants
Compiling package vl.vl_types
Compiling module xil_defaultlib.glbl
Compiling module blk_mem_gen_v8_3_3.blk_mem_gen_v8_3_3_output_stage(...
Compiling module blk_mem_gen_v8_3_3.blk_mem_gen_v8_3_3_output_stage(...
Compiling module blk_mem_gen_v8_3_3.blk_mem_gen_v8_3_3_softecc_outpu...
Compiling module blk_mem_gen_v8_3_3.blk_mem_gen_v8_3_3_mem_module(C_...
Compiling module blk_mem_gen_v8_3_3.blk_mem_axi_regs_fwd_v8_3(C_DATA...
Compiling module blk_mem_gen_v8_3_3.blk_mem_gen_v8_3_3(C_FAMILY="art...
Compiling module xil_defaultlib.blk_mem_gen_0
Compiling module unisims_ver.IBUF
Compiling module unisims_ver.PLLE2_ADV(CLKFBOUT_MULT=42,CLKIN...
Compiling module unisims_ver.BUFG
Compiling module xil_defaultlib.clk_wiz_0_clk_wiz
Compiling module xil_defaultlib.clk_wiz_0
Compiling architecture plle2_adv_v of entity unisim.PLLE2_ADV [\PLLE2_ADV(clkfbout_mult=20,clki...]
Compiling architecture behavioral of entity xil_defaultlib.SyncAsync [\SyncAsync(kresetto='1')\]
Compiling architecture behavioral of entity xil_defaultlib.ResetBridge [resetbridge_default]
Compiling architecture behavioral of entity xil_defaultlib.SyncAsync [syncasync_default]
Compiling architecture behavioral of entity xil_defaultlib.ClockGen [\ClockGen(kclkrange=3,kclkprimit...]
Compiling architecture behavioral of entity xil_defaultlib.TMDS_Encoder [tmds_encoder_default]
Compiling architecture obufds_v of entity unisim.OBUFDS [\OBUFDS(iostandard="TMDS_33")(1,...]
Compiling secureip modules ...
Compiling architecture oserdese2_v of entity unisim.OSERDESE2 [\OSERDESE2(data_rate_tq="SDR",da...]
Compiling architecture oserdese2_v of entity unisim.OSERDESE2 [\OSERDESE2(data_rate_tq="SDR",da...]
Compiling architecture behavioral of entity xil_defaultlib.OutputSERDES [outputserdes_default]
Compiling architecture behavioral of entity xil_defaultlib.rgb2dvi [\rgb2dvi(kclkrange=3)(1,3)\]
Compiling architecture rgb2dvi_0_arch of entity xil_defaultlib.rgb2dvi_0 [rgb2dvi_0_default]
Compiling architecture behavioral of entity xil_defaultlib.vga_800 [vga_800_default]
Compiling architecture behavioral of entity xil_defaultlib.nexys_hdmi [nexys_hdmi_default]
Compiling architecture behavioral of entity xil_defaultlib.nexys_hdmi_bench
Built simulation snapshot nexys_hdmi_bench_behav
