Vivado Simulator 2016.2
Time resolution is 1 ps
 Block Memory Generator module loading initial data...
 Block Memory Generator data initialization complete.
Block Memory Generator module nexys_hdmi_bench.uut.blk_mem.inst.native_mem_module.blk_mem_gen_v8_3_3_inst is using a behavioral model for simulation which will not precisely model memory collision behavior.
Warning: NUMERIC_STD."=": metavalue detected, returning FALSE
Time: 101 ns  Iteration: 3  Process: /nexys_hdmi_bench/uut/rgb2dvi/U0/\DataEncoders(0)\/DataEncoder/line__154  File: C:/Users/LocalAdmin/Documents/brems/project_9/project_9.ip_user_files/ipstatic/src/TMDS_Encoder.vhd
Warning: NUMERIC_STD."=": metavalue detected, returning FALSE
Time: 101 ns  Iteration: 3  Process: /nexys_hdmi_bench/uut/rgb2dvi/U0/\DataEncoders(1)\/DataEncoder/line__154  File: C:/Users/LocalAdmin/Documents/brems/project_9/project_9.ip_user_files/ipstatic/src/TMDS_Encoder.vhd
Warning: NUMERIC_STD."=": metavalue detected, returning FALSE
Time: 101 ns  Iteration: 3  Process: /nexys_hdmi_bench/uut/rgb2dvi/U0/\DataEncoders(2)\/DataEncoder/line__154  File: C:/Users/LocalAdmin/Documents/brems/project_9/project_9.ip_user_files/ipstatic/src/TMDS_Encoder.vhd
Warning: NUMERIC_STD."=": metavalue detected, returning FALSE
Time: 569 ns  Iteration: 5  Process: /nexys_hdmi_bench/uut/rgb2dvi/U0/\DataEncoders(0)\/DataEncoder/line__154  File: C:/Users/LocalAdmin/Documents/brems/project_9/project_9.ip_user_files/ipstatic/src/TMDS_Encoder.vhd
Warning: NUMERIC_STD."=": metavalue detected, returning FALSE
Time: 569 ns  Iteration: 5  Process: /nexys_hdmi_bench/uut/rgb2dvi/U0/\DataEncoders(1)\/DataEncoder/line__154  File: C:/Users/LocalAdmin/Documents/brems/project_9/project_9.ip_user_files/ipstatic/src/TMDS_Encoder.vhd
Warning: NUMERIC_STD."=": metavalue detected, returning FALSE
Time: 569 ns  Iteration: 5  Process: /nexys_hdmi_bench/uut/rgb2dvi/U0/\DataEncoders(2)\/DataEncoder/line__154  File: C:/Users/LocalAdmin/Documents/brems/project_9/project_9.ip_user_files/ipstatic/src/TMDS_Encoder.vhd
Warning: Warning : input CLKIN1 period and attribute CLKIN1_PERIOD are not same.
Time: 864 ns  Iteration: 19  Process: /nexys_hdmi_bench/uut/rgb2dvi/U0/clockgeninternal/ClockGenX/genpll/DVI_ClkGenerator/pchk_p  File: C:\Xilinx\Vivado\2016.2\data/vhdl/src/unisims/primitive/PLLE2_ADV.vhd
Warning : input CLKIN1 period and attribute CLKIN1_PERIOD on PLLE2_ADV instance nexys_hdmi_bench.uut.pll0.inst.plle2_adv_inst are not same.
